<?xml version="1.0" encoding="UTF-8"?>
<!-- Generated by org.testng.reporters.JUnitXMLReporter -->
<testsuite ignored="0" hostname="DESKTOP-UKMRJ4L" failures="0" tests="6" name="ChromeTest" time="39.736" errors="0" timestamp="2022-04-13T22:20:42 IST">
  <testcase classname="com.sauceDemo.TESTclasses.TC06ItemBuyComplete" name="VerifyOrderPlacedFunctionality" time="1.431"/>
  <testcase classname="com.sauceDemo.TESTclasses.TC05OrderFunctionality" name="VerifyOrderFunctionality" time="1.377"/>
  <testcase classname="com.sauceDemo.TESTclasses.TC02AddToCartFunctionality" name="VerifyAddToCartFunctionality" time="0.87"/>
  <testcase classname="com.sauceDemo.TESTclasses.TC04checkoutFunctionality" name="VerifyCheckOutFunctionality" time="0.994"/>
  <testcase classname="com.sauceDemo.TESTclasses.TC03LogOutFunctionality" name="VerifyLogOutFunctionality" time="1.108"/>
  <testcase classname="com.sauceDemo.TESTclasses.TC01LoginFunctionality" name="VerifyLogInFunctionality" time="0.108"/>
</testsuite> <!-- ChromeTest -->
