<?xml version="1.0" encoding="UTF-8"?>
<testng-results ignored="0" total="6" passed="6" failed="0" skipped="0">
  <reporter-output>
  </reporter-output>
  <suite started-at="2022-04-13T22:20:03 IST" name="Suite" finished-at="2022-04-13T22:20:42 IST" duration-ms="39736">
    <groups>
    </groups>
    <test started-at="2022-04-13T22:20:03 IST" name="ChromeTest" finished-at="2022-04-13T22:20:42 IST" duration-ms="39736">
      <class name="com.sauceDemo.TESTclasses.TC04checkoutFunctionality">
        <test-method is-config="true" signature="openBrowser(java.lang.String)[pri:0, instance:com.sauceDemo.TESTclasses.TC04checkoutFunctionality@28f3b248]" started-at="2022-04-13T22:20:24 IST" name="openBrowser" finished-at="2022-04-13T22:20:29 IST" duration-ms="4068" status="PASS">
          <params>
            <param index="0">
              <value>
                <![CDATA[chrome]]>
              </value>
            </param>
          </params>
          <reporter-output>
          </reporter-output>
        </test-method> <!-- openBrowser -->
        <test-method is-config="true" signature="setUpMethod()[pri:0, instance:com.sauceDemo.TESTclasses.TC04checkoutFunctionality@28f3b248]" started-at="2022-04-13T22:20:29 IST" name="setUpMethod" finished-at="2022-04-13T22:20:29 IST" duration-ms="505" status="PASS">
          <reporter-output>
          </reporter-output>
        </test-method> <!-- setUpMethod -->
        <test-method signature="VerifyCheckOutFunctionality()[pri:4, instance:com.sauceDemo.TESTclasses.TC04checkoutFunctionality@28f3b248]" started-at="2022-04-13T22:20:29 IST" name="VerifyCheckOutFunctionality" finished-at="2022-04-13T22:20:30 IST" duration-ms="994" status="PASS">
          <reporter-output>
          </reporter-output>
        </test-method> <!-- VerifyCheckOutFunctionality -->
        <test-method is-config="true" signature="tierDownMethod()[pri:0, instance:com.sauceDemo.TESTclasses.TC04checkoutFunctionality@28f3b248]" started-at="2022-04-13T22:20:30 IST" name="tierDownMethod" finished-at="2022-04-13T22:20:30 IST" duration-ms="461" status="PASS">
          <reporter-output>
          </reporter-output>
        </test-method> <!-- tierDownMethod -->
        <test-method is-config="true" signature="closeBrowser()[pri:0, instance:com.sauceDemo.TESTclasses.TC04checkoutFunctionality@28f3b248]" started-at="2022-04-13T22:20:30 IST" name="closeBrowser" finished-at="2022-04-13T22:20:31 IST" duration-ms="386" status="PASS">
          <reporter-output>
          </reporter-output>
        </test-method> <!-- closeBrowser -->
      </class> <!-- com.sauceDemo.TESTclasses.TC04checkoutFunctionality -->
      <class name="com.sauceDemo.TESTclasses.TC03LogOutFunctionality">
        <test-method is-config="true" signature="openBrowser(java.lang.String)[pri:0, instance:com.sauceDemo.TESTclasses.TC03LogOutFunctionality@1b1426f4]" started-at="2022-04-13T22:20:31 IST" name="openBrowser" finished-at="2022-04-13T22:20:35 IST" duration-ms="4432" status="PASS">
          <params>
            <param index="0">
              <value>
                <![CDATA[chrome]]>
              </value>
            </param>
          </params>
          <reporter-output>
          </reporter-output>
        </test-method> <!-- openBrowser -->
        <test-method is-config="true" signature="setUpMethod()[pri:0, instance:com.sauceDemo.TESTclasses.TC03LogOutFunctionality@1b1426f4]" started-at="2022-04-13T22:20:35 IST" name="setUpMethod" finished-at="2022-04-13T22:20:36 IST" duration-ms="511" status="PASS">
          <reporter-output>
          </reporter-output>
        </test-method> <!-- setUpMethod -->
        <test-method signature="VerifyLogOutFunctionality()[pri:2, instance:com.sauceDemo.TESTclasses.TC03LogOutFunctionality@1b1426f4]" started-at="2022-04-13T22:20:36 IST" name="VerifyLogOutFunctionality" finished-at="2022-04-13T22:20:37 IST" duration-ms="1108" status="PASS">
          <reporter-output>
          </reporter-output>
        </test-method> <!-- VerifyLogOutFunctionality -->
        <test-method is-config="true" signature="tierDownMethod()[pri:0, instance:com.sauceDemo.TESTclasses.TC03LogOutFunctionality@1b1426f4]" started-at="2022-04-13T22:20:37 IST" name="tierDownMethod" finished-at="2022-04-13T22:20:37 IST" duration-ms="380" status="PASS">
          <reporter-output>
          </reporter-output>
        </test-method> <!-- tierDownMethod -->
        <test-method is-config="true" signature="closeBrowser()[pri:0, instance:com.sauceDemo.TESTclasses.TC03LogOutFunctionality@1b1426f4]" started-at="2022-04-13T22:20:37 IST" name="closeBrowser" finished-at="2022-04-13T22:20:38 IST" duration-ms="329" status="PASS">
          <reporter-output>
          </reporter-output>
        </test-method> <!-- closeBrowser -->
      </class> <!-- com.sauceDemo.TESTclasses.TC03LogOutFunctionality -->
      <class name="com.sauceDemo.TESTclasses.TC06ItemBuyComplete">
        <test-method is-config="true" signature="openBrowser(java.lang.String)[pri:0, instance:com.sauceDemo.TESTclasses.TC06ItemBuyComplete@73700b80]" started-at="2022-04-13T22:20:03 IST" name="openBrowser" finished-at="2022-04-13T22:20:09 IST" duration-ms="6003" status="PASS">
          <params>
            <param index="0">
              <value>
                <![CDATA[chrome]]>
              </value>
            </param>
          </params>
          <reporter-output>
          </reporter-output>
        </test-method> <!-- openBrowser -->
        <test-method is-config="true" signature="setUpMethod()[pri:0, instance:com.sauceDemo.TESTclasses.TC06ItemBuyComplete@73700b80]" started-at="2022-04-13T22:20:09 IST" name="setUpMethod" finished-at="2022-04-13T22:20:09 IST" duration-ms="567" status="PASS">
          <reporter-output>
          </reporter-output>
        </test-method> <!-- setUpMethod -->
        <test-method signature="VerifyOrderPlacedFunctionality()[pri:6, instance:com.sauceDemo.TESTclasses.TC06ItemBuyComplete@73700b80]" started-at="2022-04-13T22:20:09 IST" name="VerifyOrderPlacedFunctionality" finished-at="2022-04-13T22:20:11 IST" duration-ms="1431" status="PASS">
          <reporter-output>
          </reporter-output>
        </test-method> <!-- VerifyOrderPlacedFunctionality -->
        <test-method is-config="true" signature="tierDownMethod()[pri:0, instance:com.sauceDemo.TESTclasses.TC06ItemBuyComplete@73700b80]" started-at="2022-04-13T22:20:11 IST" name="tierDownMethod" finished-at="2022-04-13T22:20:11 IST" duration-ms="403" status="PASS">
          <reporter-output>
          </reporter-output>
        </test-method> <!-- tierDownMethod -->
        <test-method is-config="true" signature="closeBrowser()[pri:0, instance:com.sauceDemo.TESTclasses.TC06ItemBuyComplete@73700b80]" started-at="2022-04-13T22:20:11 IST" name="closeBrowser" finished-at="2022-04-13T22:20:12 IST" duration-ms="355" status="PASS">
          <reporter-output>
          </reporter-output>
        </test-method> <!-- closeBrowser -->
      </class> <!-- com.sauceDemo.TESTclasses.TC06ItemBuyComplete -->
      <class name="com.sauceDemo.TESTclasses.TC02AddToCartFunctionality">
        <test-method is-config="true" signature="openBrowser(java.lang.String)[pri:0, instance:com.sauceDemo.TESTclasses.TC02AddToCartFunctionality@63a12c68]" started-at="2022-04-13T22:20:18 IST" name="openBrowser" finished-at="2022-04-13T22:20:22 IST" duration-ms="4068" status="PASS">
          <params>
            <param index="0">
              <value>
                <![CDATA[chrome]]>
              </value>
            </param>
          </params>
          <reporter-output>
          </reporter-output>
        </test-method> <!-- openBrowser -->
        <test-method is-config="true" signature="setUpMethod()[pri:0, instance:com.sauceDemo.TESTclasses.TC02AddToCartFunctionality@63a12c68]" started-at="2022-04-13T22:20:22 IST" name="setUpMethod" finished-at="2022-04-13T22:20:23 IST" duration-ms="538" status="PASS">
          <reporter-output>
          </reporter-output>
        </test-method> <!-- setUpMethod -->
        <test-method signature="VerifyAddToCartFunctionality()[pri:3, instance:com.sauceDemo.TESTclasses.TC02AddToCartFunctionality@63a12c68]" started-at="2022-04-13T22:20:23 IST" name="VerifyAddToCartFunctionality" finished-at="2022-04-13T22:20:24 IST" duration-ms="870" status="PASS">
          <reporter-output>
          </reporter-output>
        </test-method> <!-- VerifyAddToCartFunctionality -->
        <test-method is-config="true" signature="tierDownMethod()[pri:0, instance:com.sauceDemo.TESTclasses.TC02AddToCartFunctionality@63a12c68]" started-at="2022-04-13T22:20:24 IST" name="tierDownMethod" finished-at="2022-04-13T22:20:24 IST" duration-ms="476" status="PASS">
          <reporter-output>
          </reporter-output>
        </test-method> <!-- tierDownMethod -->
        <test-method is-config="true" signature="closeBrowser()[pri:0, instance:com.sauceDemo.TESTclasses.TC02AddToCartFunctionality@63a12c68]" started-at="2022-04-13T22:20:24 IST" name="closeBrowser" finished-at="2022-04-13T22:20:24 IST" duration-ms="317" status="PASS">
          <reporter-output>
          </reporter-output>
        </test-method> <!-- closeBrowser -->
      </class> <!-- com.sauceDemo.TESTclasses.TC02AddToCartFunctionality -->
      <class name="com.sauceDemo.TESTclasses.TC01LoginFunctionality">
        <test-method is-config="true" signature="openBrowser(java.lang.String)[pri:0, instance:com.sauceDemo.TESTclasses.TC01LoginFunctionality@32b260fa]" started-at="2022-04-13T22:20:38 IST" name="openBrowser" finished-at="2022-04-13T22:20:41 IST" duration-ms="3091" status="PASS">
          <params>
            <param index="0">
              <value>
                <![CDATA[chrome]]>
              </value>
            </param>
          </params>
          <reporter-output>
          </reporter-output>
        </test-method> <!-- openBrowser -->
        <test-method is-config="true" signature="setUpMethod()[pri:0, instance:com.sauceDemo.TESTclasses.TC01LoginFunctionality@32b260fa]" started-at="2022-04-13T22:20:41 IST" name="setUpMethod" finished-at="2022-04-13T22:20:41 IST" duration-ms="669" status="PASS">
          <reporter-output>
          </reporter-output>
        </test-method> <!-- setUpMethod -->
        <test-method signature="VerifyLogInFunctionality()[pri:1, instance:com.sauceDemo.TESTclasses.TC01LoginFunctionality@32b260fa]" started-at="2022-04-13T22:20:41 IST" name="VerifyLogInFunctionality" finished-at="2022-04-13T22:20:42 IST" duration-ms="108" status="PASS">
          <reporter-output>
          </reporter-output>
        </test-method> <!-- VerifyLogInFunctionality -->
        <test-method is-config="true" signature="tierDownMethod()[pri:0, instance:com.sauceDemo.TESTclasses.TC01LoginFunctionality@32b260fa]" started-at="2022-04-13T22:20:42 IST" name="tierDownMethod" finished-at="2022-04-13T22:20:42 IST" duration-ms="635" status="PASS">
          <reporter-output>
          </reporter-output>
        </test-method> <!-- tierDownMethod -->
        <test-method is-config="true" signature="closeBrowser()[pri:0, instance:com.sauceDemo.TESTclasses.TC01LoginFunctionality@32b260fa]" started-at="2022-04-13T22:20:42 IST" name="closeBrowser" finished-at="2022-04-13T22:20:42 IST" duration-ms="276" status="PASS">
          <reporter-output>
          </reporter-output>
        </test-method> <!-- closeBrowser -->
      </class> <!-- com.sauceDemo.TESTclasses.TC01LoginFunctionality -->
      <class name="com.sauceDemo.TESTclasses.TC05OrderFunctionality">
        <test-method is-config="true" signature="openBrowser(java.lang.String)[pri:0, instance:com.sauceDemo.TESTclasses.TC05OrderFunctionality@7e5afaa6]" started-at="2022-04-13T22:20:12 IST" name="openBrowser" finished-at="2022-04-13T22:20:16 IST" duration-ms="4135" status="PASS">
          <params>
            <param index="0">
              <value>
                <![CDATA[chrome]]>
              </value>
            </param>
          </params>
          <reporter-output>
          </reporter-output>
        </test-method> <!-- openBrowser -->
        <test-method is-config="true" signature="setUpMethod()[pri:0, instance:com.sauceDemo.TESTclasses.TC05OrderFunctionality@7e5afaa6]" started-at="2022-04-13T22:20:16 IST" name="setUpMethod" finished-at="2022-04-13T22:20:16 IST" duration-ms="505" status="PASS">
          <reporter-output>
          </reporter-output>
        </test-method> <!-- setUpMethod -->
        <test-method signature="VerifyOrderFunctionality()[pri:5, instance:com.sauceDemo.TESTclasses.TC05OrderFunctionality@7e5afaa6]" started-at="2022-04-13T22:20:16 IST" name="VerifyOrderFunctionality" finished-at="2022-04-13T22:20:18 IST" duration-ms="1377" status="PASS">
          <reporter-output>
          </reporter-output>
        </test-method> <!-- VerifyOrderFunctionality -->
        <test-method is-config="true" signature="tierDownMethod()[pri:0, instance:com.sauceDemo.TESTclasses.TC05OrderFunctionality@7e5afaa6]" started-at="2022-04-13T22:20:18 IST" name="tierDownMethod" finished-at="2022-04-13T22:20:18 IST" duration-ms="352" status="PASS">
          <reporter-output>
          </reporter-output>
        </test-method> <!-- tierDownMethod -->
        <test-method is-config="true" signature="closeBrowser()[pri:0, instance:com.sauceDemo.TESTclasses.TC05OrderFunctionality@7e5afaa6]" started-at="2022-04-13T22:20:18 IST" name="closeBrowser" finished-at="2022-04-13T22:20:18 IST" duration-ms="291" status="PASS">
          <reporter-output>
          </reporter-output>
        </test-method> <!-- closeBrowser -->
      </class> <!-- com.sauceDemo.TESTclasses.TC05OrderFunctionality -->
    </test> <!-- ChromeTest -->
  </suite> <!-- Suite -->
</testng-results>
