<?xml version="1.0" encoding="UTF-8"?>
<!-- Generated by org.testng.reporters.JUnitReportReporter -->
<testsuite hostname="DESKTOP-UKMRJ4L" failures="0" tests="1" name="com.sauceDemo.TESTclasses.TC01LoginFunctionality" time="1.412" errors="0" timestamp="2022-04-13T22:20:43 IST" skipped="0">
  <testcase classname="com.sauceDemo.TESTclasses.TC01LoginFunctionality" name="VerifyLogInFunctionality" time="1.412"/>
  <system-out/>
</testsuite> <!-- com.sauceDemo.TESTclasses.TC01LoginFunctionality -->
